2025-05-12T17:10:50.690+03:00  WARN 18812 --- [CarDealershipWebsite] [main] org.hibernate.orm.deprecation            : HHH90000025: PostgreSQLDialect does not need to be specified explicitly using 'hibernate.dialect' (remove the property setting and it will be selected by default)
2025-05-12T17:10:52.222+03:00  WARN 18812 --- [CarDealershipWebsite] [main] JpaBaseConfiguration$JpaWebConfiguration : spring.jpa.open-in-view is enabled by default. Therefore, database queries may be performed during view rendering. Explicitly configure spring.jpa.open-in-view to disable this warning
2025-05-12T17:55:15.925+03:00  WARN 13156 --- [CarDealershipWebsite] [main] org.hibernate.orm.deprecation            : HHH90000025: PostgreSQLDialect does not need to be specified explicitly using 'hibernate.dialect' (remove the property setting and it will be selected by default)
2025-05-12T17:55:17.607+03:00  WARN 13156 --- [CarDealershipWebsite] [main] JpaBaseConfiguration$JpaWebConfiguration : spring.jpa.open-in-view is enabled by default. Therefore, database queries may be performed during view rendering. Explicitly configure spring.jpa.open-in-view to disable this warning
2025-05-12T18:15:48.066+03:00  WARN 19256 --- [CarDealershipWebsite] [main] org.hibernate.orm.deprecation            : HHH90000025: PostgreSQLDialect does not need to be specified explicitly using 'hibernate.dialect' (remove the property setting and it will be selected by default)
2025-05-12T18:15:49.576+03:00  WARN 19256 --- [CarDealershipWebsite] [main] JpaBaseConfiguration$JpaWebConfiguration : spring.jpa.open-in-view is enabled by default. Therefore, database queries may be performed during view rendering. Explicitly configure spring.jpa.open-in-view to disable this warning
2025-05-12T18:24:35.277+03:00 ERROR 19256 --- [CarDealershipWebsite] [http-nio-8080-exec-6] c.e.c.aspect.LoggingAspect               : Exception in: CrudRepository.save(..) with cause: Entity must not be null
2025-05-12T18:24:35.277+03:00 ERROR 19256 --- [CarDealershipWebsite] [http-nio-8080-exec-6] c.e.c.aspect.LoggingAspect               : Exception in: CarService.createCar(..) with cause: Entity must not be null
2025-05-12T18:24:35.277+03:00 ERROR 19256 --- [CarDealershipWebsite] [http-nio-8080-exec-6] c.e.c.aspect.LoggingAspect               : Exception in: CarController.createCar(..) with cause: Entity must not be null
2025-05-12T18:24:35.277+03:00 ERROR 19256 --- [CarDealershipWebsite] [http-nio-8080-exec-6] c.e.c.exception.GlobalExceptionHandler   : Illegal argument: Entity must not be null
2025-05-12T18:24:35.277+03:00  WARN 19256 --- [CarDealershipWebsite] [http-nio-8080-exec-6] c.e.c.aspect.LoggingAspect               : 400 Error: <400 BAD_REQUEST Bad Request,Entity must not be null,[]> returned from method: GlobalExceptionHandler.handleIllegalArgumentException(..)
2025-05-12T18:24:37.895+03:00 ERROR 19256 --- [CarDealershipWebsite] [http-nio-8080-exec-9] c.e.c.aspect.LoggingAspect               : Exception in: CrudRepository.save(..) with cause: Entity must not be null
2025-05-12T18:24:37.895+03:00 ERROR 19256 --- [CarDealershipWebsite] [http-nio-8080-exec-9] c.e.c.aspect.LoggingAspect               : Exception in: CarService.createCar(..) with cause: Entity must not be null
2025-05-12T18:24:37.895+03:00 ERROR 19256 --- [CarDealershipWebsite] [http-nio-8080-exec-9] c.e.c.aspect.LoggingAspect               : Exception in: CarController.createCar(..) with cause: Entity must not be null
2025-05-12T18:24:37.895+03:00 ERROR 19256 --- [CarDealershipWebsite] [http-nio-8080-exec-9] c.e.c.exception.GlobalExceptionHandler   : Illegal argument: Entity must not be null
2025-05-12T18:24:37.895+03:00  WARN 19256 --- [CarDealershipWebsite] [http-nio-8080-exec-9] c.e.c.aspect.LoggingAspect               : 400 Error: <400 BAD_REQUEST Bad Request,Entity must not be null,[]> returned from method: GlobalExceptionHandler.handleIllegalArgumentException(..)
2025-05-12T18:24:39.798+03:00 ERROR 19256 --- [CarDealershipWebsite] [http-nio-8080-exec-5] c.e.c.aspect.LoggingAspect               : Exception in: CrudRepository.save(..) with cause: Entity must not be null
2025-05-12T18:24:39.798+03:00 ERROR 19256 --- [CarDealershipWebsite] [http-nio-8080-exec-5] c.e.c.aspect.LoggingAspect               : Exception in: CarService.createCar(..) with cause: Entity must not be null
2025-05-12T18:24:39.798+03:00 ERROR 19256 --- [CarDealershipWebsite] [http-nio-8080-exec-5] c.e.c.aspect.LoggingAspect               : Exception in: CarController.createCar(..) with cause: Entity must not be null
2025-05-12T18:24:39.798+03:00 ERROR 19256 --- [CarDealershipWebsite] [http-nio-8080-exec-5] c.e.c.exception.GlobalExceptionHandler   : Illegal argument: Entity must not be null
2025-05-12T18:24:39.798+03:00  WARN 19256 --- [CarDealershipWebsite] [http-nio-8080-exec-5] c.e.c.aspect.LoggingAspect               : 400 Error: <400 BAD_REQUEST Bad Request,Entity must not be null,[]> returned from method: GlobalExceptionHandler.handleIllegalArgumentException(..)
2025-05-12T18:24:40.611+03:00 ERROR 19256 --- [CarDealershipWebsite] [http-nio-8080-exec-4] c.e.c.aspect.LoggingAspect               : Exception in: CrudRepository.save(..) with cause: Entity must not be null
2025-05-12T18:24:40.611+03:00 ERROR 19256 --- [CarDealershipWebsite] [http-nio-8080-exec-4] c.e.c.aspect.LoggingAspect               : Exception in: CarService.createCar(..) with cause: Entity must not be null
2025-05-12T18:24:40.611+03:00 ERROR 19256 --- [CarDealershipWebsite] [http-nio-8080-exec-4] c.e.c.aspect.LoggingAspect               : Exception in: CarController.createCar(..) with cause: Entity must not be null
2025-05-12T18:24:40.611+03:00 ERROR 19256 --- [CarDealershipWebsite] [http-nio-8080-exec-4] c.e.c.exception.GlobalExceptionHandler   : Illegal argument: Entity must not be null
2025-05-12T18:24:40.611+03:00  WARN 19256 --- [CarDealershipWebsite] [http-nio-8080-exec-4] c.e.c.aspect.LoggingAspect               : 400 Error: <400 BAD_REQUEST Bad Request,Entity must not be null,[]> returned from method: GlobalExceptionHandler.handleIllegalArgumentException(..)
2025-05-12T18:24:40.973+03:00 ERROR 19256 --- [CarDealershipWebsite] [http-nio-8080-exec-10] c.e.c.aspect.LoggingAspect               : Exception in: CrudRepository.save(..) with cause: Entity must not be null
2025-05-12T18:24:40.973+03:00 ERROR 19256 --- [CarDealershipWebsite] [http-nio-8080-exec-10] c.e.c.aspect.LoggingAspect               : Exception in: CarService.createCar(..) with cause: Entity must not be null
2025-05-12T18:24:40.973+03:00 ERROR 19256 --- [CarDealershipWebsite] [http-nio-8080-exec-10] c.e.c.aspect.LoggingAspect               : Exception in: CarController.createCar(..) with cause: Entity must not be null
2025-05-12T18:24:40.976+03:00 ERROR 19256 --- [CarDealershipWebsite] [http-nio-8080-exec-10] c.e.c.exception.GlobalExceptionHandler   : Illegal argument: Entity must not be null
2025-05-12T18:24:40.977+03:00  WARN 19256 --- [CarDealershipWebsite] [http-nio-8080-exec-10] c.e.c.aspect.LoggingAspect               : 400 Error: <400 BAD_REQUEST Bad Request,Entity must not be null,[]> returned from method: GlobalExceptionHandler.handleIllegalArgumentException(..)
2025-05-12T18:24:41.167+03:00 ERROR 19256 --- [CarDealershipWebsite] [http-nio-8080-exec-3] c.e.c.aspect.LoggingAspect               : Exception in: CrudRepository.save(..) with cause: Entity must not be null
2025-05-12T18:24:41.167+03:00 ERROR 19256 --- [CarDealershipWebsite] [http-nio-8080-exec-3] c.e.c.aspect.LoggingAspect               : Exception in: CarService.createCar(..) with cause: Entity must not be null
2025-05-12T18:24:41.167+03:00 ERROR 19256 --- [CarDealershipWebsite] [http-nio-8080-exec-3] c.e.c.aspect.LoggingAspect               : Exception in: CarController.createCar(..) with cause: Entity must not be null
2025-05-12T18:24:41.168+03:00 ERROR 19256 --- [CarDealershipWebsite] [http-nio-8080-exec-3] c.e.c.exception.GlobalExceptionHandler   : Illegal argument: Entity must not be null
2025-05-12T18:24:41.169+03:00  WARN 19256 --- [CarDealershipWebsite] [http-nio-8080-exec-3] c.e.c.aspect.LoggingAspect               : 400 Error: <400 BAD_REQUEST Bad Request,Entity must not be null,[]> returned from method: GlobalExceptionHandler.handleIllegalArgumentException(..)
2025-05-12T18:24:41.370+03:00 ERROR 19256 --- [CarDealershipWebsite] [http-nio-8080-exec-1] c.e.c.aspect.LoggingAspect               : Exception in: CrudRepository.save(..) with cause: Entity must not be null
2025-05-12T18:24:41.370+03:00 ERROR 19256 --- [CarDealershipWebsite] [http-nio-8080-exec-1] c.e.c.aspect.LoggingAspect               : Exception in: CarService.createCar(..) with cause: Entity must not be null
2025-05-12T18:24:41.370+03:00 ERROR 19256 --- [CarDealershipWebsite] [http-nio-8080-exec-1] c.e.c.aspect.LoggingAspect               : Exception in: CarController.createCar(..) with cause: Entity must not be null
2025-05-12T18:24:41.370+03:00 ERROR 19256 --- [CarDealershipWebsite] [http-nio-8080-exec-1] c.e.c.exception.GlobalExceptionHandler   : Illegal argument: Entity must not be null
2025-05-12T18:24:41.372+03:00  WARN 19256 --- [CarDealershipWebsite] [http-nio-8080-exec-1] c.e.c.aspect.LoggingAspect               : 400 Error: <400 BAD_REQUEST Bad Request,Entity must not be null,[]> returned from method: GlobalExceptionHandler.handleIllegalArgumentException(..)
2025-05-12T18:24:41.583+03:00 ERROR 19256 --- [CarDealershipWebsite] [http-nio-8080-exec-2] c.e.c.aspect.LoggingAspect               : Exception in: CrudRepository.save(..) with cause: Entity must not be null
2025-05-12T18:24:41.583+03:00 ERROR 19256 --- [CarDealershipWebsite] [http-nio-8080-exec-2] c.e.c.aspect.LoggingAspect               : Exception in: CarService.createCar(..) with cause: Entity must not be null
2025-05-12T18:24:41.584+03:00 ERROR 19256 --- [CarDealershipWebsite] [http-nio-8080-exec-2] c.e.c.aspect.LoggingAspect               : Exception in: CarController.createCar(..) with cause: Entity must not be null
2025-05-12T18:24:41.584+03:00 ERROR 19256 --- [CarDealershipWebsite] [http-nio-8080-exec-2] c.e.c.exception.GlobalExceptionHandler   : Illegal argument: Entity must not be null
2025-05-12T18:24:41.584+03:00  WARN 19256 --- [CarDealershipWebsite] [http-nio-8080-exec-2] c.e.c.aspect.LoggingAspect               : 400 Error: <400 BAD_REQUEST Bad Request,Entity must not be null,[]> returned from method: GlobalExceptionHandler.handleIllegalArgumentException(..)
2025-05-12T18:24:41.799+03:00 ERROR 19256 --- [CarDealershipWebsite] [http-nio-8080-exec-7] c.e.c.aspect.LoggingAspect               : Exception in: CrudRepository.save(..) with cause: Entity must not be null
2025-05-12T18:24:41.800+03:00 ERROR 19256 --- [CarDealershipWebsite] [http-nio-8080-exec-7] c.e.c.aspect.LoggingAspect               : Exception in: CarService.createCar(..) with cause: Entity must not be null
2025-05-12T18:24:41.800+03:00 ERROR 19256 --- [CarDealershipWebsite] [http-nio-8080-exec-7] c.e.c.aspect.LoggingAspect               : Exception in: CarController.createCar(..) with cause: Entity must not be null
2025-05-12T18:24:41.800+03:00 ERROR 19256 --- [CarDealershipWebsite] [http-nio-8080-exec-7] c.e.c.exception.GlobalExceptionHandler   : Illegal argument: Entity must not be null
2025-05-12T18:24:41.800+03:00  WARN 19256 --- [CarDealershipWebsite] [http-nio-8080-exec-7] c.e.c.aspect.LoggingAspect               : 400 Error: <400 BAD_REQUEST Bad Request,Entity must not be null,[]> returned from method: GlobalExceptionHandler.handleIllegalArgumentException(..)
2025-05-12T18:24:43.002+03:00 ERROR 19256 --- [CarDealershipWebsite] [http-nio-8080-exec-8] c.e.c.aspect.LoggingAspect               : Exception in: CrudRepository.save(..) with cause: Entity must not be null
2025-05-12T18:24:43.004+03:00 ERROR 19256 --- [CarDealershipWebsite] [http-nio-8080-exec-8] c.e.c.aspect.LoggingAspect               : Exception in: CarService.createCar(..) with cause: Entity must not be null
2025-05-12T18:24:43.004+03:00 ERROR 19256 --- [CarDealershipWebsite] [http-nio-8080-exec-8] c.e.c.aspect.LoggingAspect               : Exception in: CarController.createCar(..) with cause: Entity must not be null
2025-05-12T18:24:43.004+03:00 ERROR 19256 --- [CarDealershipWebsite] [http-nio-8080-exec-8] c.e.c.exception.GlobalExceptionHandler   : Illegal argument: Entity must not be null
2025-05-12T18:24:43.005+03:00  WARN 19256 --- [CarDealershipWebsite] [http-nio-8080-exec-8] c.e.c.aspect.LoggingAspect               : 400 Error: <400 BAD_REQUEST Bad Request,Entity must not be null,[]> returned from method: GlobalExceptionHandler.handleIllegalArgumentException(..)
2025-05-12T18:24:44.526+03:00 ERROR 19256 --- [CarDealershipWebsite] [http-nio-8080-exec-6] c.e.c.aspect.LoggingAspect               : Exception in: CrudRepository.save(..) with cause: Entity must not be null
2025-05-12T18:24:44.527+03:00 ERROR 19256 --- [CarDealershipWebsite] [http-nio-8080-exec-6] c.e.c.aspect.LoggingAspect               : Exception in: CarService.createCar(..) with cause: Entity must not be null
2025-05-12T18:24:44.527+03:00 ERROR 19256 --- [CarDealershipWebsite] [http-nio-8080-exec-6] c.e.c.aspect.LoggingAspect               : Exception in: CarController.createCar(..) with cause: Entity must not be null
2025-05-12T18:24:44.528+03:00 ERROR 19256 --- [CarDealershipWebsite] [http-nio-8080-exec-6] c.e.c.exception.GlobalExceptionHandler   : Illegal argument: Entity must not be null
2025-05-12T18:24:44.528+03:00  WARN 19256 --- [CarDealershipWebsite] [http-nio-8080-exec-6] c.e.c.aspect.LoggingAspect               : 400 Error: <400 BAD_REQUEST Bad Request,Entity must not be null,[]> returned from method: GlobalExceptionHandler.handleIllegalArgumentException(..)
2025-05-12T18:24:46.775+03:00 ERROR 19256 --- [CarDealershipWebsite] [http-nio-8080-exec-9] c.e.c.aspect.LoggingAspect               : Exception in: CrudRepository.save(..) with cause: Entity must not be null
2025-05-12T18:24:46.775+03:00 ERROR 19256 --- [CarDealershipWebsite] [http-nio-8080-exec-9] c.e.c.aspect.LoggingAspect               : Exception in: CarService.createCar(..) with cause: Entity must not be null
2025-05-12T18:24:46.775+03:00 ERROR 19256 --- [CarDealershipWebsite] [http-nio-8080-exec-9] c.e.c.aspect.LoggingAspect               : Exception in: CarController.createCar(..) with cause: Entity must not be null
2025-05-12T18:24:46.776+03:00 ERROR 19256 --- [CarDealershipWebsite] [http-nio-8080-exec-9] c.e.c.exception.GlobalExceptionHandler   : Illegal argument: Entity must not be null
2025-05-12T18:24:46.776+03:00  WARN 19256 --- [CarDealershipWebsite] [http-nio-8080-exec-9] c.e.c.aspect.LoggingAspect               : 400 Error: <400 BAD_REQUEST Bad Request,Entity must not be null,[]> returned from method: GlobalExceptionHandler.handleIllegalArgumentException(..)
2025-05-12T18:24:49.113+03:00 ERROR 19256 --- [CarDealershipWebsite] [http-nio-8080-exec-5] c.e.c.aspect.LoggingAspect               : Exception in: CrudRepository.save(..) with cause: Entity must not be null
2025-05-12T18:24:49.113+03:00 ERROR 19256 --- [CarDealershipWebsite] [http-nio-8080-exec-5] c.e.c.aspect.LoggingAspect               : Exception in: CarService.createCar(..) with cause: Entity must not be null
2025-05-12T18:24:49.113+03:00 ERROR 19256 --- [CarDealershipWebsite] [http-nio-8080-exec-5] c.e.c.aspect.LoggingAspect               : Exception in: CarController.createCar(..) with cause: Entity must not be null
2025-05-12T18:24:49.117+03:00 ERROR 19256 --- [CarDealershipWebsite] [http-nio-8080-exec-5] c.e.c.exception.GlobalExceptionHandler   : Illegal argument: Entity must not be null
2025-05-12T18:24:49.117+03:00  WARN 19256 --- [CarDealershipWebsite] [http-nio-8080-exec-5] c.e.c.aspect.LoggingAspect               : 400 Error: <400 BAD_REQUEST Bad Request,Entity must not be null,[]> returned from method: GlobalExceptionHandler.handleIllegalArgumentException(..)
2025-05-12T18:25:12.261+03:00 ERROR 19256 --- [CarDealershipWebsite] [http-nio-8080-exec-4] c.e.c.aspect.LoggingAspect               : Exception in: CrudRepository.save(..) with cause: Entity must not be null
2025-05-12T18:25:12.261+03:00 ERROR 19256 --- [CarDealershipWebsite] [http-nio-8080-exec-4] c.e.c.aspect.LoggingAspect               : Exception in: CarService.createCar(..) with cause: Entity must not be null
2025-05-12T18:25:12.261+03:00 ERROR 19256 --- [CarDealershipWebsite] [http-nio-8080-exec-4] c.e.c.aspect.LoggingAspect               : Exception in: CarController.createCar(..) with cause: Entity must not be null
2025-05-12T18:25:12.261+03:00 ERROR 19256 --- [CarDealershipWebsite] [http-nio-8080-exec-4] c.e.c.exception.GlobalExceptionHandler   : Illegal argument: Entity must not be null
2025-05-12T18:25:12.261+03:00  WARN 19256 --- [CarDealershipWebsite] [http-nio-8080-exec-4] c.e.c.aspect.LoggingAspect               : 400 Error: <400 BAD_REQUEST Bad Request,Entity must not be null,[]> returned from method: GlobalExceptionHandler.handleIllegalArgumentException(..)
2025-05-12T18:25:45.064+03:00 ERROR 19256 --- [CarDealershipWebsite] [http-nio-8080-exec-10] c.e.c.aspect.LoggingAspect               : Exception in: CrudRepository.save(..) with cause: Entity must not be null
2025-05-12T18:25:45.064+03:00 ERROR 19256 --- [CarDealershipWebsite] [http-nio-8080-exec-10] c.e.c.aspect.LoggingAspect               : Exception in: CarService.createCar(..) with cause: Entity must not be null
2025-05-12T18:25:45.064+03:00 ERROR 19256 --- [CarDealershipWebsite] [http-nio-8080-exec-10] c.e.c.aspect.LoggingAspect               : Exception in: CarController.createCar(..) with cause: Entity must not be null
2025-05-12T18:25:45.064+03:00 ERROR 19256 --- [CarDealershipWebsite] [http-nio-8080-exec-10] c.e.c.exception.GlobalExceptionHandler   : Illegal argument: Entity must not be null
2025-05-12T18:25:45.064+03:00  WARN 19256 --- [CarDealershipWebsite] [http-nio-8080-exec-10] c.e.c.aspect.LoggingAspect               : 400 Error: <400 BAD_REQUEST Bad Request,Entity must not be null,[]> returned from method: GlobalExceptionHandler.handleIllegalArgumentException(..)
2025-05-12T18:28:07.476+03:00 ERROR 19256 --- [CarDealershipWebsite] [http-nio-8080-exec-1] c.e.c.aspect.LoggingAspect               : Exception in: CrudRepository.save(..) with cause: Entity must not be null
2025-05-12T18:28:07.477+03:00 ERROR 19256 --- [CarDealershipWebsite] [http-nio-8080-exec-1] c.e.c.aspect.LoggingAspect               : Exception in: CarService.createCar(..) with cause: Entity must not be null
2025-05-12T18:28:07.477+03:00 ERROR 19256 --- [CarDealershipWebsite] [http-nio-8080-exec-1] c.e.c.aspect.LoggingAspect               : Exception in: CarController.createCar(..) with cause: Entity must not be null
2025-05-12T18:28:07.478+03:00 ERROR 19256 --- [CarDealershipWebsite] [http-nio-8080-exec-1] c.e.c.exception.GlobalExceptionHandler   : Illegal argument: Entity must not be null
2025-05-12T18:28:07.478+03:00  WARN 19256 --- [CarDealershipWebsite] [http-nio-8080-exec-1] c.e.c.aspect.LoggingAspect               : 400 Error: <400 BAD_REQUEST Bad Request,Entity must not be null,[]> returned from method: GlobalExceptionHandler.handleIllegalArgumentException(..)
2025-05-12T18:29:12.413+03:00  WARN 19256 --- [CarDealershipWebsite] [http-nio-8080-exec-8] .w.s.m.s.DefaultHandlerExceptionResolver : Resolved [org.springframework.http.converter.HttpMessageNotReadableException: JSON parse error: Cannot deserialize value of type `com.example.cardealershipwebsite.model.FuelType` from String "PETROL": not one of the values accepted for Enum class: [DIESEL, HYBRID, ELECTRIC, GASOLINE]]
2025-05-12T18:30:58.017+03:00 ERROR 19256 --- [CarDealershipWebsite] [http-nio-8080-exec-9] c.e.c.aspect.LoggingAspect               : Exception in: CrudRepository.save(..) with cause: Entity must not be null
2025-05-12T18:30:58.017+03:00 ERROR 19256 --- [CarDealershipWebsite] [http-nio-8080-exec-9] c.e.c.aspect.LoggingAspect               : Exception in: CarService.createCar(..) with cause: Entity must not be null
2025-05-12T18:30:58.017+03:00 ERROR 19256 --- [CarDealershipWebsite] [http-nio-8080-exec-9] c.e.c.aspect.LoggingAspect               : Exception in: CarController.createCar(..) with cause: Entity must not be null
2025-05-12T18:30:58.018+03:00 ERROR 19256 --- [CarDealershipWebsite] [http-nio-8080-exec-9] c.e.c.exception.GlobalExceptionHandler   : Illegal argument: Entity must not be null
2025-05-12T18:30:58.019+03:00  WARN 19256 --- [CarDealershipWebsite] [http-nio-8080-exec-9] c.e.c.aspect.LoggingAspect               : 400 Error: <400 BAD_REQUEST Bad Request,Entity must not be null,[]> returned from method: GlobalExceptionHandler.handleIllegalArgumentException(..)
2025-05-12T18:43:17.102+03:00 ERROR 19256 --- [CarDealershipWebsite] [http-nio-8080-exec-1] c.e.c.aspect.LoggingAspect               : Exception in: CrudRepository.save(..) with cause: Entity must not be null
2025-05-12T18:43:17.102+03:00 ERROR 19256 --- [CarDealershipWebsite] [http-nio-8080-exec-1] c.e.c.aspect.LoggingAspect               : Exception in: CarService.createCar(..) with cause: Entity must not be null
2025-05-12T18:43:17.102+03:00 ERROR 19256 --- [CarDealershipWebsite] [http-nio-8080-exec-1] c.e.c.aspect.LoggingAspect               : Exception in: CarController.createCar(..) with cause: Entity must not be null
2025-05-12T18:43:17.102+03:00 ERROR 19256 --- [CarDealershipWebsite] [http-nio-8080-exec-1] c.e.c.exception.GlobalExceptionHandler   : Illegal argument: Entity must not be null
2025-05-12T18:43:17.102+03:00  WARN 19256 --- [CarDealershipWebsite] [http-nio-8080-exec-1] c.e.c.aspect.LoggingAspect               : 400 Error: <400 BAD_REQUEST Bad Request,Entity must not be null,[]> returned from method: GlobalExceptionHandler.handleIllegalArgumentException(..)
2025-05-12T18:43:29.821+03:00 ERROR 19256 --- [CarDealershipWebsite] [http-nio-8080-exec-7] c.e.c.aspect.LoggingAspect               : Exception in: CrudRepository.save(..) with cause: Entity must not be null
2025-05-12T18:43:29.821+03:00 ERROR 19256 --- [CarDealershipWebsite] [http-nio-8080-exec-7] c.e.c.aspect.LoggingAspect               : Exception in: CarService.createCar(..) with cause: Entity must not be null
2025-05-12T18:43:29.821+03:00 ERROR 19256 --- [CarDealershipWebsite] [http-nio-8080-exec-7] c.e.c.aspect.LoggingAspect               : Exception in: CarController.createCar(..) with cause: Entity must not be null
2025-05-12T18:43:29.821+03:00 ERROR 19256 --- [CarDealershipWebsite] [http-nio-8080-exec-7] c.e.c.exception.GlobalExceptionHandler   : Illegal argument: Entity must not be null
2025-05-12T18:43:29.821+03:00  WARN 19256 --- [CarDealershipWebsite] [http-nio-8080-exec-7] c.e.c.aspect.LoggingAspect               : 400 Error: <400 BAD_REQUEST Bad Request,Entity must not be null,[]> returned from method: GlobalExceptionHandler.handleIllegalArgumentException(..)
2025-05-12T18:45:50.118+03:00 ERROR 19256 --- [CarDealershipWebsite] [http-nio-8080-exec-6] c.e.c.aspect.LoggingAspect               : Exception in: CrudRepository.save(..) with cause: Entity must not be null
2025-05-12T18:45:50.118+03:00 ERROR 19256 --- [CarDealershipWebsite] [http-nio-8080-exec-6] c.e.c.aspect.LoggingAspect               : Exception in: CarService.createCar(..) with cause: Entity must not be null
2025-05-12T18:45:50.118+03:00 ERROR 19256 --- [CarDealershipWebsite] [http-nio-8080-exec-6] c.e.c.aspect.LoggingAspect               : Exception in: CarController.createCar(..) with cause: Entity must not be null
2025-05-12T18:45:50.118+03:00 ERROR 19256 --- [CarDealershipWebsite] [http-nio-8080-exec-6] c.e.c.exception.GlobalExceptionHandler   : Illegal argument: Entity must not be null
2025-05-12T18:45:50.118+03:00  WARN 19256 --- [CarDealershipWebsite] [http-nio-8080-exec-6] c.e.c.aspect.LoggingAspect               : 400 Error: <400 BAD_REQUEST Bad Request,Entity must not be null,[]> returned from method: GlobalExceptionHandler.handleIllegalArgumentException(..)
2025-05-12T18:48:44.851+03:00  WARN 19032 --- [CarDealershipWebsite] [main] org.hibernate.orm.deprecation            : HHH90000025: PostgreSQLDialect does not need to be specified explicitly using 'hibernate.dialect' (remove the property setting and it will be selected by default)
2025-05-12T18:48:46.319+03:00  WARN 19032 --- [CarDealershipWebsite] [main] JpaBaseConfiguration$JpaWebConfiguration : spring.jpa.open-in-view is enabled by default. Therefore, database queries may be performed during view rendering. Explicitly configure spring.jpa.open-in-view to disable this warning
2025-05-12T18:55:33.316+03:00  WARN 6256 --- [CarDealershipWebsite] [main] org.hibernate.orm.deprecation            : HHH90000025: PostgreSQLDialect does not need to be specified explicitly using 'hibernate.dialect' (remove the property setting and it will be selected by default)
2025-05-12T18:55:34.770+03:00  WARN 6256 --- [CarDealershipWebsite] [main] JpaBaseConfiguration$JpaWebConfiguration : spring.jpa.open-in-view is enabled by default. Therefore, database queries may be performed during view rendering. Explicitly configure spring.jpa.open-in-view to disable this warning
2025-05-12T19:15:23.807+03:00 ERROR 6256 --- [CarDealershipWebsite] [http-nio-8080-exec-6] c.e.c.aspect.LoggingAspect               : Exception in: UserService.addCarToOrders(..) with cause: У машины уже есть заказчик.
2025-05-12T19:15:23.807+03:00 ERROR 6256 --- [CarDealershipWebsite] [http-nio-8080-exec-6] c.e.c.aspect.LoggingAspect               : Exception in: UserController.addCarToOrders(..) with cause: У машины уже есть заказчик.
2025-05-12T19:15:23.813+03:00 ERROR 6256 --- [CarDealershipWebsite] [http-nio-8080-exec-6] o.a.c.c.C.[.[.[/].[dispatcherServlet]    : Servlet.service() for servlet [dispatcherServlet] in context with path [] threw exception [Request processing failed: java.lang.IllegalStateException: У машины уже есть заказчик.] with root cause

java.lang.IllegalStateException: У машины уже есть заказчик.
	at com.example.cardealershipwebsite.service.UserService.addCarToOrders(UserService.java:106) ~[main/:na]
	at java.base/jdk.internal.reflect.DirectMethodHandleAccessor.invoke(DirectMethodHandleAccessor.java:103) ~[na:na]
	at java.base/java.lang.reflect.Method.invoke(Method.java:580) ~[na:na]
	at org.springframework.aop.support.AopUtils.invokeJoinpointUsingReflection(AopUtils.java:359) ~[spring-aop-6.2.2.jar:6.2.2]
	at org.springframework.aop.framework.ReflectiveMethodInvocation.invokeJoinpoint(ReflectiveMethodInvocation.java:196) ~[spring-aop-6.2.2.jar:6.2.2]
	at org.springframework.aop.framework.ReflectiveMethodInvocation.proceed(ReflectiveMethodInvocation.java:163) ~[spring-aop-6.2.2.jar:6.2.2]
	at org.springframework.aop.aspectj.AspectJAfterThrowingAdvice.invoke(AspectJAfterThrowingAdvice.java:64) ~[spring-aop-6.2.2.jar:6.2.2]
	at org.springframework.aop.framework.ReflectiveMethodInvocation.proceed(ReflectiveMethodInvocation.java:184) ~[spring-aop-6.2.2.jar:6.2.2]
	at org.springframework.aop.framework.adapter.AfterReturningAdviceInterceptor.invoke(AfterReturningAdviceInterceptor.java:57) ~[spring-aop-6.2.2.jar:6.2.2]
	at org.springframework.aop.framework.ReflectiveMethodInvocation.proceed(ReflectiveMethodInvocation.java:184) ~[spring-aop-6.2.2.jar:6.2.2]
	at org.springframework.aop.interceptor.ExposeInvocationInterceptor.invoke(ExposeInvocationInterceptor.java:97) ~[spring-aop-6.2.2.jar:6.2.2]
	at org.springframework.aop.framework.ReflectiveMethodInvocation.proceed(ReflectiveMethodInvocation.java:184) ~[spring-aop-6.2.2.jar:6.2.2]
	at org.springframework.aop.framework.CglibAopProxy$DynamicAdvisedInterceptor.intercept(CglibAopProxy.java:727) ~[spring-aop-6.2.2.jar:6.2.2]
	at com.example.cardealershipwebsite.service.UserService$$SpringCGLIB$$0.addCarToOrders(<generated>) ~[main/:na]
	at com.example.cardealershipwebsite.controller.UserController.addCarToOrders(UserController.java:104) ~[main/:na]
	at java.base/jdk.internal.reflect.DirectMethodHandleAccessor.invoke(DirectMethodHandleAccessor.java:103) ~[na:na]
	at java.base/java.lang.reflect.Method.invoke(Method.java:580) ~[na:na]
	at org.springframework.aop.support.AopUtils.invokeJoinpointUsingReflection(AopUtils.java:359) ~[spring-aop-6.2.2.jar:6.2.2]
	at org.springframework.aop.framework.ReflectiveMethodInvocation.invokeJoinpoint(ReflectiveMethodInvocation.java:196) ~[spring-aop-6.2.2.jar:6.2.2]
	at org.springframework.aop.framework.ReflectiveMethodInvocation.proceed(ReflectiveMethodInvocation.java:163) ~[spring-aop-6.2.2.jar:6.2.2]
	at org.springframework.validation.beanvalidation.MethodValidationInterceptor.invoke(MethodValidationInterceptor.java:174) ~[spring-context-6.2.2.jar:6.2.2]
	at org.springframework.aop.framework.ReflectiveMethodInvocation.proceed(ReflectiveMethodInvocation.java:184) ~[spring-aop-6.2.2.jar:6.2.2]
	at org.springframework.aop.aspectj.AspectJAfterThrowingAdvice.invoke(AspectJAfterThrowingAdvice.java:64) ~[spring-aop-6.2.2.jar:6.2.2]
	at org.springframework.aop.framework.ReflectiveMethodInvocation.proceed(ReflectiveMethodInvocation.java:184) ~[spring-aop-6.2.2.jar:6.2.2]
	at org.springframework.aop.framework.adapter.AfterReturningAdviceInterceptor.invoke(AfterReturningAdviceInterceptor.java:57) ~[spring-aop-6.2.2.jar:6.2.2]
	at org.springframework.aop.framework.ReflectiveMethodInvocation.proceed(ReflectiveMethodInvocation.java:184) ~[spring-aop-6.2.2.jar:6.2.2]
	at org.springframework.aop.interceptor.ExposeInvocationInterceptor.invoke(ExposeInvocationInterceptor.java:97) ~[spring-aop-6.2.2.jar:6.2.2]
	at org.springframework.aop.framework.ReflectiveMethodInvocation.proceed(ReflectiveMethodInvocation.java:184) ~[spring-aop-6.2.2.jar:6.2.2]
	at org.springframework.aop.framework.CglibAopProxy$DynamicAdvisedInterceptor.intercept(CglibAopProxy.java:727) ~[spring-aop-6.2.2.jar:6.2.2]
	at com.example.cardealershipwebsite.controller.UserController$$SpringCGLIB$$0.addCarToOrders(<generated>) ~[main/:na]
	at java.base/jdk.internal.reflect.DirectMethodHandleAccessor.invoke(DirectMethodHandleAccessor.java:103) ~[na:na]
	at java.base/java.lang.reflect.Method.invoke(Method.java:580) ~[na:na]
	at org.springframework.web.method.support.InvocableHandlerMethod.doInvoke(InvocableHandlerMethod.java:257) ~[spring-web-6.2.2.jar:6.2.2]
	at org.springframework.web.method.support.InvocableHandlerMethod.invokeForRequest(InvocableHandlerMethod.java:190) ~[spring-web-6.2.2.jar:6.2.2]
	at org.springframework.web.servlet.mvc.method.annotation.ServletInvocableHandlerMethod.invokeAndHandle(ServletInvocableHandlerMethod.java:118) ~[spring-webmvc-6.2.2.jar:6.2.2]
	at org.springframework.web.servlet.mvc.method.annotation.RequestMappingHandlerAdapter.invokeHandlerMethod(RequestMappingHandlerAdapter.java:986) ~[spring-webmvc-6.2.2.jar:6.2.2]
	at org.springframework.web.servlet.mvc.method.annotation.RequestMappingHandlerAdapter.handleInternal(RequestMappingHandlerAdapter.java:891) ~[spring-webmvc-6.2.2.jar:6.2.2]
	at org.springframework.web.servlet.mvc.method.AbstractHandlerMethodAdapter.handle(AbstractHandlerMethodAdapter.java:87) ~[spring-webmvc-6.2.2.jar:6.2.2]
	at org.springframework.web.servlet.DispatcherServlet.doDispatch(DispatcherServlet.java:1088) ~[spring-webmvc-6.2.2.jar:6.2.2]
	at org.springframework.web.servlet.DispatcherServlet.doService(DispatcherServlet.java:978) ~[spring-webmvc-6.2.2.jar:6.2.2]
	at org.springframework.web.servlet.FrameworkServlet.processRequest(FrameworkServlet.java:1014) ~[spring-webmvc-6.2.2.jar:6.2.2]
	at org.springframework.web.servlet.FrameworkServlet.doPost(FrameworkServlet.java:914) ~[spring-webmvc-6.2.2.jar:6.2.2]
	at jakarta.servlet.http.HttpServlet.service(HttpServlet.java:590) ~[tomcat-embed-core-10.1.34.jar:6.0]
	at org.springframework.web.servlet.FrameworkServlet.service(FrameworkServlet.java:885) ~[spring-webmvc-6.2.2.jar:6.2.2]
	at jakarta.servlet.http.HttpServlet.service(HttpServlet.java:658) ~[tomcat-embed-core-10.1.34.jar:6.0]
	at org.apache.catalina.core.ApplicationFilterChain.internalDoFilter(ApplicationFilterChain.java:195) ~[tomcat-embed-core-10.1.34.jar:10.1.34]
	at org.apache.catalina.core.ApplicationFilterChain.doFilter(ApplicationFilterChain.java:140) ~[tomcat-embed-core-10.1.34.jar:10.1.34]
	at org.apache.tomcat.websocket.server.WsFilter.doFilter(WsFilter.java:51) ~[tomcat-embed-websocket-10.1.34.jar:10.1.34]
	at org.apache.catalina.core.ApplicationFilterChain.internalDoFilter(ApplicationFilterChain.java:164) ~[tomcat-embed-core-10.1.34.jar:10.1.34]
	at org.apache.catalina.core.ApplicationFilterChain.doFilter(ApplicationFilterChain.java:140) ~[tomcat-embed-core-10.1.34.jar:10.1.34]
	at org.springframework.web.filter.RequestContextFilter.doFilterInternal(RequestContextFilter.java:100) ~[spring-web-6.2.2.jar:6.2.2]
	at org.springframework.web.filter.OncePerRequestFilter.doFilter(OncePerRequestFilter.java:116) ~[spring-web-6.2.2.jar:6.2.2]
	at org.apache.catalina.core.ApplicationFilterChain.internalDoFilter(ApplicationFilterChain.java:164) ~[tomcat-embed-core-10.1.34.jar:10.1.34]
	at org.apache.catalina.core.ApplicationFilterChain.doFilter(ApplicationFilterChain.java:140) ~[tomcat-embed-core-10.1.34.jar:10.1.34]
	at org.springframework.web.filter.FormContentFilter.doFilterInternal(FormContentFilter.java:93) ~[spring-web-6.2.2.jar:6.2.2]
	at org.springframework.web.filter.OncePerRequestFilter.doFilter(OncePerRequestFilter.java:116) ~[spring-web-6.2.2.jar:6.2.2]
	at org.apache.catalina.core.ApplicationFilterChain.internalDoFilter(ApplicationFilterChain.java:164) ~[tomcat-embed-core-10.1.34.jar:10.1.34]
	at org.apache.catalina.core.ApplicationFilterChain.doFilter(ApplicationFilterChain.java:140) ~[tomcat-embed-core-10.1.34.jar:10.1.34]
	at org.springframework.web.filter.CharacterEncodingFilter.doFilterInternal(CharacterEncodingFilter.java:201) ~[spring-web-6.2.2.jar:6.2.2]
	at org.springframework.web.filter.OncePerRequestFilter.doFilter(OncePerRequestFilter.java:116) ~[spring-web-6.2.2.jar:6.2.2]
	at org.apache.catalina.core.ApplicationFilterChain.internalDoFilter(ApplicationFilterChain.java:164) ~[tomcat-embed-core-10.1.34.jar:10.1.34]
	at org.apache.catalina.core.ApplicationFilterChain.doFilter(ApplicationFilterChain.java:140) ~[tomcat-embed-core-10.1.34.jar:10.1.34]
	at org.apache.catalina.core.StandardWrapperValve.invoke(StandardWrapperValve.java:167) ~[tomcat-embed-core-10.1.34.jar:10.1.34]
	at org.apache.catalina.core.StandardContextValve.invoke(StandardContextValve.java:90) ~[tomcat-embed-core-10.1.34.jar:10.1.34]
	at org.apache.catalina.authenticator.AuthenticatorBase.invoke(AuthenticatorBase.java:483) ~[tomcat-embed-core-10.1.34.jar:10.1.34]
	at org.apache.catalina.core.StandardHostValve.invoke(StandardHostValve.java:115) ~[tomcat-embed-core-10.1.34.jar:10.1.34]
	at org.apache.catalina.valves.ErrorReportValve.invoke(ErrorReportValve.java:93) ~[tomcat-embed-core-10.1.34.jar:10.1.34]
	at org.apache.catalina.core.StandardEngineValve.invoke(StandardEngineValve.java:74) ~[tomcat-embed-core-10.1.34.jar:10.1.34]
	at org.apache.catalina.connector.CoyoteAdapter.service(CoyoteAdapter.java:344) ~[tomcat-embed-core-10.1.34.jar:10.1.34]
	at org.apache.coyote.http11.Http11Processor.service(Http11Processor.java:397) ~[tomcat-embed-core-10.1.34.jar:10.1.34]
	at org.apache.coyote.AbstractProcessorLight.process(AbstractProcessorLight.java:63) ~[tomcat-embed-core-10.1.34.jar:10.1.34]
	at org.apache.coyote.AbstractProtocol$ConnectionHandler.process(AbstractProtocol.java:905) ~[tomcat-embed-core-10.1.34.jar:10.1.34]
	at org.apache.tomcat.util.net.NioEndpoint$SocketProcessor.doRun(NioEndpoint.java:1741) ~[tomcat-embed-core-10.1.34.jar:10.1.34]
	at org.apache.tomcat.util.net.SocketProcessorBase.run(SocketProcessorBase.java:52) ~[tomcat-embed-core-10.1.34.jar:10.1.34]
	at org.apache.tomcat.util.threads.ThreadPoolExecutor.runWorker(ThreadPoolExecutor.java:1190) ~[tomcat-embed-core-10.1.34.jar:10.1.34]
	at org.apache.tomcat.util.threads.ThreadPoolExecutor$Worker.run(ThreadPoolExecutor.java:659) ~[tomcat-embed-core-10.1.34.jar:10.1.34]
	at org.apache.tomcat.util.threads.TaskThread$WrappingRunnable.run(TaskThread.java:63) ~[tomcat-embed-core-10.1.34.jar:10.1.34]
	at java.base/java.lang.Thread.run(Thread.java:1583) ~[na:na]

2025-05-12T19:16:33.296+03:00  WARN 6584 --- [CarDealershipWebsite] [main] org.hibernate.orm.deprecation            : HHH90000025: PostgreSQLDialect does not need to be specified explicitly using 'hibernate.dialect' (remove the property setting and it will be selected by default)
2025-05-12T19:16:34.813+03:00  WARN 6584 --- [CarDealershipWebsite] [main] JpaBaseConfiguration$JpaWebConfiguration : spring.jpa.open-in-view is enabled by default. Therefore, database queries may be performed during view rendering. Explicitly configure spring.jpa.open-in-view to disable this warning
2025-05-12T19:45:01.848+03:00 ERROR 6584 --- [CarDealershipWebsite] [http-nio-8080-exec-3] c.e.c.exception.GlobalExceptionHandler   : Illegal argument: For input string: "undefined"
2025-05-12T19:45:01.848+03:00 ERROR 6584 --- [CarDealershipWebsite] [http-nio-8080-exec-7] c.e.c.exception.GlobalExceptionHandler   : Illegal argument: For input string: "undefined"
2025-05-12T19:45:01.849+03:00  WARN 6584 --- [CarDealershipWebsite] [http-nio-8080-exec-7] c.e.c.aspect.LoggingAspect               : 400 Error: <400 BAD_REQUEST Bad Request,For input string: "undefined",[]> returned from method: GlobalExceptionHandler.handleIllegalArgumentException(..)
2025-05-12T19:45:01.849+03:00  WARN 6584 --- [CarDealershipWebsite] [http-nio-8080-exec-3] c.e.c.aspect.LoggingAspect               : 400 Error: <400 BAD_REQUEST Bad Request,For input string: "undefined",[]> returned from method: GlobalExceptionHandler.handleIllegalArgumentException(..)
2025-05-12T19:45:01.855+03:00 ERROR 6584 --- [CarDealershipWebsite] [http-nio-8080-exec-4] c.e.c.exception.GlobalExceptionHandler   : Illegal argument: For input string: "undefined"
2025-05-12T19:45:01.855+03:00  WARN 6584 --- [CarDealershipWebsite] [http-nio-8080-exec-4] c.e.c.aspect.LoggingAspect               : 400 Error: <400 BAD_REQUEST Bad Request,For input string: "undefined",[]> returned from method: GlobalExceptionHandler.handleIllegalArgumentException(..)
2025-05-12T19:45:01.855+03:00 ERROR 6584 --- [CarDealershipWebsite] [http-nio-8080-exec-9] c.e.c.exception.GlobalExceptionHandler   : Illegal argument: For input string: "undefined"
2025-05-12T19:45:01.856+03:00  WARN 6584 --- [CarDealershipWebsite] [http-nio-8080-exec-9] c.e.c.aspect.LoggingAspect               : 400 Error: <400 BAD_REQUEST Bad Request,For input string: "undefined",[]> returned from method: GlobalExceptionHandler.handleIllegalArgumentException(..)
2025-05-12T19:45:01.861+03:00 ERROR 6584 --- [CarDealershipWebsite] [http-nio-8080-exec-8] c.e.c.exception.GlobalExceptionHandler   : Illegal argument: For input string: "undefined"
2025-05-12T19:45:01.861+03:00  WARN 6584 --- [CarDealershipWebsite] [http-nio-8080-exec-8] c.e.c.aspect.LoggingAspect               : 400 Error: <400 BAD_REQUEST Bad Request,For input string: "undefined",[]> returned from method: GlobalExceptionHandler.handleIllegalArgumentException(..)
2025-05-12T19:45:01.862+03:00 ERROR 6584 --- [CarDealershipWebsite] [http-nio-8080-exec-2] c.e.c.exception.GlobalExceptionHandler   : Illegal argument: For input string: "undefined"
2025-05-12T19:45:01.862+03:00  WARN 6584 --- [CarDealershipWebsite] [http-nio-8080-exec-2] c.e.c.aspect.LoggingAspect               : 400 Error: <400 BAD_REQUEST Bad Request,For input string: "undefined",[]> returned from method: GlobalExceptionHandler.handleIllegalArgumentException(..)
2025-05-12T19:45:01.864+03:00 ERROR 6584 --- [CarDealershipWebsite] [http-nio-8080-exec-10] c.e.c.exception.GlobalExceptionHandler   : Illegal argument: For input string: "undefined"
2025-05-12T19:45:01.865+03:00  WARN 6584 --- [CarDealershipWebsite] [http-nio-8080-exec-10] c.e.c.aspect.LoggingAspect               : 400 Error: <400 BAD_REQUEST Bad Request,For input string: "undefined",[]> returned from method: GlobalExceptionHandler.handleIllegalArgumentException(..)
2025-05-12T19:45:01.865+03:00 ERROR 6584 --- [CarDealershipWebsite] [http-nio-8080-exec-5] c.e.c.exception.GlobalExceptionHandler   : Illegal argument: For input string: "undefined"
2025-05-12T19:45:01.865+03:00  WARN 6584 --- [CarDealershipWebsite] [http-nio-8080-exec-5] c.e.c.aspect.LoggingAspect               : 400 Error: <400 BAD_REQUEST Bad Request,For input string: "undefined",[]> returned from method: GlobalExceptionHandler.handleIllegalArgumentException(..)
2025-05-12T19:45:01.869+03:00 ERROR 6584 --- [CarDealershipWebsite] [http-nio-8080-exec-1] c.e.c.exception.GlobalExceptionHandler   : Illegal argument: For input string: "undefined"
2025-05-12T19:45:01.869+03:00  WARN 6584 --- [CarDealershipWebsite] [http-nio-8080-exec-1] c.e.c.aspect.LoggingAspect               : 400 Error: <400 BAD_REQUEST Bad Request,For input string: "undefined",[]> returned from method: GlobalExceptionHandler.handleIllegalArgumentException(..)
2025-05-12T19:45:01.869+03:00 ERROR 6584 --- [CarDealershipWebsite] [http-nio-8080-exec-6] c.e.c.exception.GlobalExceptionHandler   : Illegal argument: For input string: "undefined"
2025-05-12T19:45:01.869+03:00  WARN 6584 --- [CarDealershipWebsite] [http-nio-8080-exec-6] c.e.c.aspect.LoggingAspect               : 400 Error: <400 BAD_REQUEST Bad Request,For input string: "undefined",[]> returned from method: GlobalExceptionHandler.handleIllegalArgumentException(..)
2025-05-12T19:45:01.871+03:00 ERROR 6584 --- [CarDealershipWebsite] [http-nio-8080-exec-3] c.e.c.exception.GlobalExceptionHandler   : Illegal argument: For input string: "undefined"
2025-05-12T19:45:01.871+03:00  WARN 6584 --- [CarDealershipWebsite] [http-nio-8080-exec-3] c.e.c.aspect.LoggingAspect               : 400 Error: <400 BAD_REQUEST Bad Request,For input string: "undefined",[]> returned from method: GlobalExceptionHandler.handleIllegalArgumentException(..)
2025-05-12T19:45:01.873+03:00 ERROR 6584 --- [CarDealershipWebsite] [http-nio-8080-exec-7] c.e.c.exception.GlobalExceptionHandler   : Illegal argument: For input string: "undefined"
2025-05-12T19:45:01.874+03:00  WARN 6584 --- [CarDealershipWebsite] [http-nio-8080-exec-7] c.e.c.aspect.LoggingAspect               : 400 Error: <400 BAD_REQUEST Bad Request,For input string: "undefined",[]> returned from method: GlobalExceptionHandler.handleIllegalArgumentException(..)
2025-05-12T19:46:22.800+03:00 ERROR 6584 --- [CarDealershipWebsite] [http-nio-8080-exec-4] c.e.c.exception.GlobalExceptionHandler   : Illegal argument: For input string: "undefined"
2025-05-12T19:46:22.800+03:00  WARN 6584 --- [CarDealershipWebsite] [http-nio-8080-exec-4] c.e.c.aspect.LoggingAspect               : 400 Error: <400 BAD_REQUEST Bad Request,For input string: "undefined",[]> returned from method: GlobalExceptionHandler.handleIllegalArgumentException(..)
2025-05-12T19:46:22.800+03:00 ERROR 6584 --- [CarDealershipWebsite] [http-nio-8080-exec-1] c.e.c.exception.GlobalExceptionHandler   : Illegal argument: For input string: "undefined"
2025-05-12T19:46:22.801+03:00  WARN 6584 --- [CarDealershipWebsite] [http-nio-8080-exec-1] c.e.c.aspect.LoggingAspect               : 400 Error: <400 BAD_REQUEST Bad Request,For input string: "undefined",[]> returned from method: GlobalExceptionHandler.handleIllegalArgumentException(..)
2025-05-12T19:46:22.803+03:00 ERROR 6584 --- [CarDealershipWebsite] [http-nio-8080-exec-6] c.e.c.exception.GlobalExceptionHandler   : Illegal argument: For input string: "undefined"
2025-05-12T19:46:22.803+03:00  WARN 6584 --- [CarDealershipWebsite] [http-nio-8080-exec-6] c.e.c.aspect.LoggingAspect               : 400 Error: <400 BAD_REQUEST Bad Request,For input string: "undefined",[]> returned from method: GlobalExceptionHandler.handleIllegalArgumentException(..)
2025-05-12T19:46:22.803+03:00 ERROR 6584 --- [CarDealershipWebsite] [http-nio-8080-exec-7] c.e.c.exception.GlobalExceptionHandler   : Illegal argument: For input string: "undefined"
2025-05-12T19:46:22.803+03:00  WARN 6584 --- [CarDealershipWebsite] [http-nio-8080-exec-7] c.e.c.aspect.LoggingAspect               : 400 Error: <400 BAD_REQUEST Bad Request,For input string: "undefined",[]> returned from method: GlobalExceptionHandler.handleIllegalArgumentException(..)
2025-05-12T19:46:22.803+03:00 ERROR 6584 --- [CarDealershipWebsite] [http-nio-8080-exec-3] c.e.c.exception.GlobalExceptionHandler   : Illegal argument: For input string: "undefined"
2025-05-12T19:46:22.808+03:00  WARN 6584 --- [CarDealershipWebsite] [http-nio-8080-exec-3] c.e.c.aspect.LoggingAspect               : 400 Error: <400 BAD_REQUEST Bad Request,For input string: "undefined",[]> returned from method: GlobalExceptionHandler.handleIllegalArgumentException(..)
2025-05-12T19:46:22.808+03:00 ERROR 6584 --- [CarDealershipWebsite] [http-nio-8080-exec-2] c.e.c.exception.GlobalExceptionHandler   : Illegal argument: For input string: "undefined"
2025-05-12T19:46:22.808+03:00  WARN 6584 --- [CarDealershipWebsite] [http-nio-8080-exec-2] c.e.c.aspect.LoggingAspect               : 400 Error: <400 BAD_REQUEST Bad Request,For input string: "undefined",[]> returned from method: GlobalExceptionHandler.handleIllegalArgumentException(..)
2025-05-12T19:46:22.808+03:00 ERROR 6584 --- [CarDealershipWebsite] [http-nio-8080-exec-8] c.e.c.exception.GlobalExceptionHandler   : Illegal argument: For input string: "undefined"
2025-05-12T19:46:22.808+03:00  WARN 6584 --- [CarDealershipWebsite] [http-nio-8080-exec-8] c.e.c.aspect.LoggingAspect               : 400 Error: <400 BAD_REQUEST Bad Request,For input string: "undefined",[]> returned from method: GlobalExceptionHandler.handleIllegalArgumentException(..)
2025-05-12T19:46:22.812+03:00 ERROR 6584 --- [CarDealershipWebsite] [http-nio-8080-exec-9] c.e.c.exception.GlobalExceptionHandler   : Illegal argument: For input string: "undefined"
2025-05-12T19:46:22.812+03:00  WARN 6584 --- [CarDealershipWebsite] [http-nio-8080-exec-9] c.e.c.aspect.LoggingAspect               : 400 Error: <400 BAD_REQUEST Bad Request,For input string: "undefined",[]> returned from method: GlobalExceptionHandler.handleIllegalArgumentException(..)
2025-05-12T19:46:22.813+03:00 ERROR 6584 --- [CarDealershipWebsite] [http-nio-8080-exec-10] c.e.c.exception.GlobalExceptionHandler   : Illegal argument: For input string: "undefined"
2025-05-12T19:46:22.813+03:00  WARN 6584 --- [CarDealershipWebsite] [http-nio-8080-exec-10] c.e.c.aspect.LoggingAspect               : 400 Error: <400 BAD_REQUEST Bad Request,For input string: "undefined",[]> returned from method: GlobalExceptionHandler.handleIllegalArgumentException(..)
2025-05-12T19:46:22.815+03:00 ERROR 6584 --- [CarDealershipWebsite] [http-nio-8080-exec-5] c.e.c.exception.GlobalExceptionHandler   : Illegal argument: For input string: "undefined"
2025-05-12T19:46:22.815+03:00  WARN 6584 --- [CarDealershipWebsite] [http-nio-8080-exec-5] c.e.c.aspect.LoggingAspect               : 400 Error: <400 BAD_REQUEST Bad Request,For input string: "undefined",[]> returned from method: GlobalExceptionHandler.handleIllegalArgumentException(..)
2025-05-12T19:46:22.816+03:00 ERROR 6584 --- [CarDealershipWebsite] [http-nio-8080-exec-4] c.e.c.exception.GlobalExceptionHandler   : Illegal argument: For input string: "undefined"
2025-05-12T19:46:22.816+03:00  WARN 6584 --- [CarDealershipWebsite] [http-nio-8080-exec-4] c.e.c.aspect.LoggingAspect               : 400 Error: <400 BAD_REQUEST Bad Request,For input string: "undefined",[]> returned from method: GlobalExceptionHandler.handleIllegalArgumentException(..)
2025-05-12T19:46:22.817+03:00 ERROR 6584 --- [CarDealershipWebsite] [http-nio-8080-exec-1] c.e.c.exception.GlobalExceptionHandler   : Illegal argument: For input string: "undefined"
2025-05-12T19:46:22.817+03:00  WARN 6584 --- [CarDealershipWebsite] [http-nio-8080-exec-1] c.e.c.aspect.LoggingAspect               : 400 Error: <400 BAD_REQUEST Bad Request,For input string: "undefined",[]> returned from method: GlobalExceptionHandler.handleIllegalArgumentException(..)
2025-05-12T19:55:46.751+03:00 ERROR 6584 --- [CarDealershipWebsite] [http-nio-8080-exec-10] c.e.c.exception.GlobalExceptionHandler   : Illegal argument: For input string: "undefined"
2025-05-12T19:55:46.751+03:00  WARN 6584 --- [CarDealershipWebsite] [http-nio-8080-exec-10] c.e.c.aspect.LoggingAspect               : 400 Error: <400 BAD_REQUEST Bad Request,For input string: "undefined",[]> returned from method: GlobalExceptionHandler.handleIllegalArgumentException(..)
2025-05-12T19:55:46.753+03:00 ERROR 6584 --- [CarDealershipWebsite] [http-nio-8080-exec-4] c.e.c.exception.GlobalExceptionHandler   : Illegal argument: For input string: "undefined"
2025-05-12T19:55:46.753+03:00  WARN 6584 --- [CarDealershipWebsite] [http-nio-8080-exec-4] c.e.c.aspect.LoggingAspect               : 400 Error: <400 BAD_REQUEST Bad Request,For input string: "undefined",[]> returned from method: GlobalExceptionHandler.handleIllegalArgumentException(..)
2025-05-12T19:55:46.753+03:00 ERROR 6584 --- [CarDealershipWebsite] [http-nio-8080-exec-6] c.e.c.exception.GlobalExceptionHandler   : Illegal argument: For input string: "undefined"
2025-05-12T19:55:46.753+03:00  WARN 6584 --- [CarDealershipWebsite] [http-nio-8080-exec-6] c.e.c.aspect.LoggingAspect               : 400 Error: <400 BAD_REQUEST Bad Request,For input string: "undefined",[]> returned from method: GlobalExceptionHandler.handleIllegalArgumentException(..)
2025-05-12T19:55:46.753+03:00 ERROR 6584 --- [CarDealershipWebsite] [http-nio-8080-exec-1] c.e.c.exception.GlobalExceptionHandler   : Illegal argument: For input string: "undefined"
2025-05-12T19:55:46.753+03:00  WARN 6584 --- [CarDealershipWebsite] [http-nio-8080-exec-1] c.e.c.aspect.LoggingAspect               : 400 Error: <400 BAD_REQUEST Bad Request,For input string: "undefined",[]> returned from method: GlobalExceptionHandler.handleIllegalArgumentException(..)
2025-05-12T19:55:46.758+03:00 ERROR 6584 --- [CarDealershipWebsite] [http-nio-8080-exec-7] c.e.c.exception.GlobalExceptionHandler   : Illegal argument: For input string: "undefined"
2025-05-12T19:55:46.758+03:00  WARN 6584 --- [CarDealershipWebsite] [http-nio-8080-exec-7] c.e.c.aspect.LoggingAspect               : 400 Error: <400 BAD_REQUEST Bad Request,For input string: "undefined",[]> returned from method: GlobalExceptionHandler.handleIllegalArgumentException(..)
2025-05-12T19:55:46.760+03:00 ERROR 6584 --- [CarDealershipWebsite] [http-nio-8080-exec-2] c.e.c.exception.GlobalExceptionHandler   : Illegal argument: For input string: "undefined"
2025-05-12T19:55:46.760+03:00  WARN 6584 --- [CarDealershipWebsite] [http-nio-8080-exec-2] c.e.c.aspect.LoggingAspect               : 400 Error: <400 BAD_REQUEST Bad Request,For input string: "undefined",[]> returned from method: GlobalExceptionHandler.handleIllegalArgumentException(..)
2025-05-12T20:08:31.609+03:00  WARN 25752 --- [CarDealershipWebsite] [main] org.hibernate.orm.deprecation            : HHH90000025: PostgreSQLDialect does not need to be specified explicitly using 'hibernate.dialect' (remove the property setting and it will be selected by default)
2025-05-12T20:08:33.177+03:00  WARN 25752 --- [CarDealershipWebsite] [main] JpaBaseConfiguration$JpaWebConfiguration : spring.jpa.open-in-view is enabled by default. Therefore, database queries may be performed during view rendering. Explicitly configure spring.jpa.open-in-view to disable this warning
2025-05-12T20:09:38.338+03:00  WARN 25752 --- [CarDealershipWebsite] [http-nio-8080-exec-4] .w.s.m.s.DefaultHandlerExceptionResolver : Resolved [org.springframework.web.HttpRequestMethodNotSupportedException: Request method 'POST' is not supported]
2025-05-12T20:13:11.358+03:00  WARN 25752 --- [CarDealershipWebsite] [http-nio-8080-exec-5] .w.s.m.s.DefaultHandlerExceptionResolver : Resolved [org.springframework.web.HttpRequestMethodNotSupportedException: Request method 'POST' is not supported]
2025-05-12T21:52:25.579+03:00  WARN 25752 --- [CarDealershipWebsite] [HikariPool-1 housekeeper] com.zaxxer.hikari.pool.HikariPool        : HikariPool-1 - Thread starvation or clock leap detected (housekeeper delta=50m23s290ms657µs500ns).
2025-05-12T22:32:00.782+03:00  WARN 28172 --- [CarDealershipWebsite] [main] org.hibernate.orm.deprecation            : HHH90000025: PostgreSQLDialect does not need to be specified explicitly using 'hibernate.dialect' (remove the property setting and it will be selected by default)
2025-05-12T22:32:02.354+03:00  WARN 28172 --- [CarDealershipWebsite] [main] JpaBaseConfiguration$JpaWebConfiguration : spring.jpa.open-in-view is enabled by default. Therefore, database queries may be performed during view rendering. Explicitly configure spring.jpa.open-in-view to disable this warning
2025-05-12T22:47:52.574+03:00  WARN 25856 --- [CarDealershipWebsite] [main] org.hibernate.orm.deprecation            : HHH90000025: PostgreSQLDialect does not need to be specified explicitly using 'hibernate.dialect' (remove the property setting and it will be selected by default)
2025-05-12T22:47:54.031+03:00  WARN 25856 --- [CarDealershipWebsite] [main] JpaBaseConfiguration$JpaWebConfiguration : spring.jpa.open-in-view is enabled by default. Therefore, database queries may be performed during view rendering. Explicitly configure spring.jpa.open-in-view to disable this warning
